<?xml version="1.0" encoding="UTF-8"?>
<!-- Generated by org.testng.reporters.JUnitXMLReporter -->
<testsuite ignored="0" hostname="DESKTOP-L96QS4U" failures="0" tests="5" name="Test" time="0.064" errors="0" timestamp="2024-01-10T17:54:50 IST">
  <testcase classname="BatchExecution.Sample1" name="Tc1" time="0.01"/>
  <testcase classname="BatchExecution.Sample1" name="Tc2" time="0.001"/>
  <testcase classname="BatchExecution.Sample1" name="Tc3" time="0.0"/>
  <testcase classname="BatchExecution.Sample2" name="TC4" time="0.002"/>
  <testcase classname="BatchExecution.Sample3" name="TC7" time="0.001"/>
</testsuite> <!-- Test -->
